INTERNATIONAL CONTACT INFORMATION
AUSTRALIA
McGraw-Hill Book Company Australia Pty. Ltd.
TEL +61-2-9415-9899
FAX +61-2-9415-5687
http://www.mcgraw-hill.com.au
books-it_sydney@mcgraw-hill.com
CANADA
McGraw-Hill Ryerson Ltd.
TEL +905-430-5000
FAX +905-430-5020
http://www.mcgrawhill.ca
GREECE, MIDDLE EAST,
NORTHERN AFRICA
McGraw-Hill Hellas
TEL +30-1-656-0990-3-4
FAX +30-1-654-5525
MEXICO (Also serving Latin America)
McGraw-Hill Interamericana Editores S.A. de C.V.
TEL +525-117-1583
FAX +525-117-1589
http://www.mcgraw-hill.com.mx
fernando_castellanos@mcgraw-hill.com
SINGAPORE (Serving Asia)
McGraw-Hill Book Company
TEL +65-863-1580
FAX +65-862-3354
http://www.mcgraw-hill.com.sg
mghasia@mcgraw-hill.com
SOUTH AFRICA
McGraw-Hill South Africa
TEL +27-11-622-7512
FAX +27-11-622-9045
robyn_swanepoel@mcgraw-hill.com
UNITED KINGDOM & EUROPE
(Excluding Southern Europe)
McGraw-Hill Education Europe
TEL +44-1-628-502500
FAX +44-1-628-770224
http://www.mcgraw-hill.co.uk
computing_neurope@mcgraw-hill.com
ALL OTHER INQUIRIES Contact:
Osborne/McGraw-Hill
TEL +1-510-549-6600
FAX +1-510-883-7600
http://www.osborne.com
omg_international@mcgraw-hill.com
Herbert Schildt
0-07-213485-2
Chris H. Pappas & William 
H. Murray, III
0-07-212958-1
Jeffery R. Shapiro
0-07-213381-3
Complete References
For the answers to everything related to your technology, drill as deeply as you 
please into our Complete Reference series. Written by topical authorities, these 
comprehensive resources offer a full range of knowledge, including extensive product
information, theory, step-by-step tutorials, sample projects, and helpful appendixes.
Herbert Schildt
0-07-213084-9
Arthur Griffith
0-07-222405-3
Ron Ben-Natan & Ori Sasson
0-07-222394-4
For more information on these and other Osborne books, visit our Web site at www.osborne.com
